<?xml version="1.0" encoding="UTF-8" ?>
<testsuite failures="0" time="0.021" errors="0" skipped="0" tests="1" name="com.springinaction.web.hibernatemadeeasy.AppTest">
  <properties>
    <property name="java.runtime.name" value="OpenJDK Runtime Environment"/>
    <property name="sun.boot.library.path" value="/usr/lib/jvm/java-6-openjdk/jre/lib/amd64"/>
    <property name="java.vm.version" value="19.0-b09"/>
    <property name="java.vm.vendor" value="Sun Microsystems Inc."/>
    <property name="java.vendor.url" value="http://java.sun.com/"/>
    <property name="path.separator" value=":"/>
    <property name="java.vm.name" value="OpenJDK 64-Bit Server VM"/>
    <property name="file.encoding.pkg" value="sun.io"/>
    <property name="user.country" value="PL"/>
    <property name="sun.java.launcher" value="SUN_STANDARD"/>
    <property name="sun.os.patch.level" value="unknown"/>
    <property name="java.vm.specification.name" value="Java Virtual Machine Specification"/>
    <property name="user.dir" value="/home/matik06/NetBeansProjects/hibernatemadeeasy"/>
    <property name="java.runtime.version" value="1.6.0_20-b20"/>
    <property name="java.awt.graphicsenv" value="sun.awt.X11GraphicsEnvironment"/>
    <property name="basedir" value="/home/matik06/NetBeansProjects/hibernatemadeeasy"/>
    <property name="java.endorsed.dirs" value="/usr/lib/jvm/java-6-openjdk/jre/lib/endorsed"/>
    <property name="os.arch" value="amd64"/>
    <property name="surefire.real.class.path" value="/home/matik06/NetBeansProjects/hibernatemadeeasy/target/surefire/surefirebooter1940591506653217371.jar"/>
    <property name="java.io.tmpdir" value="/tmp"/>
    <property name="line.separator" value="
"/>
    <property name="java.vm.specification.vendor" value="Sun Microsystems Inc."/>
    <property name="os.name" value="Linux"/>
    <property name="sun.jnu.encoding" value="UTF-8"/>
    <property name="java.library.path" value="/usr/lib/jvm/java-6-openjdk/jre/lib/amd64/server:/usr/lib/jvm/java-6-openjdk/jre/lib/amd64:/usr/lib/jvm/java-6-openjdk/jre/../lib/amd64:/usr/java/packages/lib/amd64:/usr/lib/jni:/lib:/usr/lib"/>
    <property name="surefire.test.class.path" value="/home/matik06/NetBeansProjects/hibernatemadeeasy/target/test-classes:/home/matik06/NetBeansProjects/hibernatemadeeasy/target/classes:/home/matik06/.m2/repository/junit/junit/3.8.1/junit-3.8.1.jar:/home/matik06/.m2/repository/org/springframework/spring-core/3.1.1.RELEASE/spring-core-3.1.1.RELEASE.jar:/home/matik06/.m2/repository/org/springframework/spring-asm/3.1.1.RELEASE/spring-asm-3.1.1.RELEASE.jar:/home/matik06/.m2/repository/commons-logging/commons-logging/1.1.1/commons-logging-1.1.1.jar:/home/matik06/.m2/repository/org/springframework/spring-orm/3.1.1.RELEASE/spring-orm-3.1.1.RELEASE.jar:/home/matik06/.m2/repository/org/springframework/spring-beans/3.1.1.RELEASE/spring-beans-3.1.1.RELEASE.jar:/home/matik06/.m2/repository/org/springframework/spring-jdbc/3.1.1.RELEASE/spring-jdbc-3.1.1.RELEASE.jar:/home/matik06/.m2/repository/org/springframework/spring-tx/3.1.1.RELEASE/spring-tx-3.1.1.RELEASE.jar:/home/matik06/.m2/repository/aopalliance/aopalliance/1.0/aopalliance-1.0.jar:/home/matik06/.m2/repository/org/springframework/spring-aop/3.1.1.RELEASE/spring-aop-3.1.1.RELEASE.jar:/home/matik06/.m2/repository/org/springframework/spring-context/3.1.1.RELEASE/spring-context-3.1.1.RELEASE.jar:/home/matik06/.m2/repository/org/springframework/spring-expression/3.1.1.RELEASE/spring-expression-3.1.1.RELEASE.jar:/home/matik06/.m2/repository/antlr/antlr/2.7.6/antlr-2.7.6.jar:/home/matik06/.m2/repository/commons-collections/commons-collections/3.1/commons-collections-3.1.jar:/home/matik06/.m2/repository/dom4j/dom4j/1.6.1/dom4j-1.6.1.jar:/home/matik06/.m2/repository/xml-apis/xml-apis/1.0.b2/xml-apis-1.0.b2.jar:/home/matik06/.m2/repository/javax/transaction/jta/1.1/jta-1.1.jar:/home/matik06/.m2/repository/org/slf4j/slf4j-api/1.5.8/slf4j-api-1.5.8.jar:/home/matik06/.m2/repository/org/hibernate/hibernate-annotations/3.3.0.ga/hibernate-annotations-3.3.0.ga.jar:/home/matik06/.m2/repository/org/hibernate/hibernate/3.2.1.ga/hibernate-3.2.1.ga.jar:/home/matik06/.m2/repository/net/sf/ehcache/ehcache/1.2.3/ehcache-1.2.3.jar:/home/matik06/.m2/repository/asm/asm-attrs/1.5.3/asm-attrs-1.5.3.jar:/home/matik06/.m2/repository/cglib/cglib/2.1_3/cglib-2.1_3.jar:/home/matik06/.m2/repository/asm/asm/1.5.3/asm-1.5.3.jar:/home/matik06/.m2/repository/javax/persistence/persistence-api/1.0/persistence-api-1.0.jar:/home/matik06/.m2/repository/org/hibernate/hibernate-validator/3.1.0.GA/hibernate-validator-3.1.0.GA.jar:/home/matik06/.m2/repository/org/hibernate/hibernate-core/3.3.0.SP1/hibernate-core-3.3.0.SP1.jar:/home/matik06/.m2/repository/org/hibernate/hibernate-commons-annotations/3.1.0.GA/hibernate-commons-annotations-3.1.0.GA.jar:/home/matik06/.m2/repository/javassist/javassist/3.12.1.GA/javassist-3.12.1.GA.jar:/home/matik06/.m2/repository/mysql/mysql-connector-java/5.1.18/mysql-connector-java-5.1.18.jar:"/>
    <property name="java.specification.name" value="Java Platform API Specification"/>
    <property name="java.class.version" value="50.0"/>
    <property name="sun.management.compiler" value="HotSpot 64-Bit Server Compiler"/>
    <property name="os.version" value="2.6.35-22-generic"/>
    <property name="user.home" value="/home/matik06"/>
    <property name="user.timezone" value=""/>
    <property name="java.awt.printerjob" value="sun.print.PSPrinterJob"/>
    <property name="file.encoding" value="UTF-8"/>
    <property name="java.specification.version" value="1.6"/>
    <property name="user.name" value="matik06"/>
    <property name="java.class.path" value="/home/matik06/NetBeansProjects/hibernatemadeeasy/target/test-classes:/home/matik06/NetBeansProjects/hibernatemadeeasy/target/classes:/home/matik06/.m2/repository/junit/junit/3.8.1/junit-3.8.1.jar:/home/matik06/.m2/repository/org/springframework/spring-core/3.1.1.RELEASE/spring-core-3.1.1.RELEASE.jar:/home/matik06/.m2/repository/org/springframework/spring-asm/3.1.1.RELEASE/spring-asm-3.1.1.RELEASE.jar:/home/matik06/.m2/repository/commons-logging/commons-logging/1.1.1/commons-logging-1.1.1.jar:/home/matik06/.m2/repository/org/springframework/spring-orm/3.1.1.RELEASE/spring-orm-3.1.1.RELEASE.jar:/home/matik06/.m2/repository/org/springframework/spring-beans/3.1.1.RELEASE/spring-beans-3.1.1.RELEASE.jar:/home/matik06/.m2/repository/org/springframework/spring-jdbc/3.1.1.RELEASE/spring-jdbc-3.1.1.RELEASE.jar:/home/matik06/.m2/repository/org/springframework/spring-tx/3.1.1.RELEASE/spring-tx-3.1.1.RELEASE.jar:/home/matik06/.m2/repository/aopalliance/aopalliance/1.0/aopalliance-1.0.jar:/home/matik06/.m2/repository/org/springframework/spring-aop/3.1.1.RELEASE/spring-aop-3.1.1.RELEASE.jar:/home/matik06/.m2/repository/org/springframework/spring-context/3.1.1.RELEASE/spring-context-3.1.1.RELEASE.jar:/home/matik06/.m2/repository/org/springframework/spring-expression/3.1.1.RELEASE/spring-expression-3.1.1.RELEASE.jar:/home/matik06/.m2/repository/antlr/antlr/2.7.6/antlr-2.7.6.jar:/home/matik06/.m2/repository/commons-collections/commons-collections/3.1/commons-collections-3.1.jar:/home/matik06/.m2/repository/dom4j/dom4j/1.6.1/dom4j-1.6.1.jar:/home/matik06/.m2/repository/xml-apis/xml-apis/1.0.b2/xml-apis-1.0.b2.jar:/home/matik06/.m2/repository/javax/transaction/jta/1.1/jta-1.1.jar:/home/matik06/.m2/repository/org/slf4j/slf4j-api/1.5.8/slf4j-api-1.5.8.jar:/home/matik06/.m2/repository/org/hibernate/hibernate-annotations/3.3.0.ga/hibernate-annotations-3.3.0.ga.jar:/home/matik06/.m2/repository/org/hibernate/hibernate/3.2.1.ga/hibernate-3.2.1.ga.jar:/home/matik06/.m2/repository/net/sf/ehcache/ehcache/1.2.3/ehcache-1.2.3.jar:/home/matik06/.m2/repository/asm/asm-attrs/1.5.3/asm-attrs-1.5.3.jar:/home/matik06/.m2/repository/cglib/cglib/2.1_3/cglib-2.1_3.jar:/home/matik06/.m2/repository/asm/asm/1.5.3/asm-1.5.3.jar:/home/matik06/.m2/repository/javax/persistence/persistence-api/1.0/persistence-api-1.0.jar:/home/matik06/.m2/repository/org/hibernate/hibernate-validator/3.1.0.GA/hibernate-validator-3.1.0.GA.jar:/home/matik06/.m2/repository/org/hibernate/hibernate-core/3.3.0.SP1/hibernate-core-3.3.0.SP1.jar:/home/matik06/.m2/repository/org/hibernate/hibernate-commons-annotations/3.1.0.GA/hibernate-commons-annotations-3.1.0.GA.jar:/home/matik06/.m2/repository/javassist/javassist/3.12.1.GA/javassist-3.12.1.GA.jar:/home/matik06/.m2/repository/mysql/mysql-connector-java/5.1.18/mysql-connector-java-5.1.18.jar:"/>
    <property name="java.vm.specification.version" value="1.0"/>
    <property name="sun.arch.data.model" value="64"/>
    <property name="java.home" value="/usr/lib/jvm/java-6-openjdk/jre"/>
    <property name="java.specification.vendor" value="Sun Microsystems Inc."/>
    <property name="user.language" value="pl"/>
    <property name="java.vm.info" value="mixed mode"/>
    <property name="java.version" value="1.6.0_20"/>
    <property name="java.ext.dirs" value="/usr/lib/jvm/java-6-openjdk/jre/lib/ext:/usr/java/packages/lib/ext"/>
    <property name="sun.boot.class.path" value="/usr/lib/jvm/java-6-openjdk/jre/lib/resources.jar:/usr/lib/jvm/java-6-openjdk/jre/lib/rt.jar:/usr/lib/jvm/java-6-openjdk/jre/lib/sunrsasign.jar:/usr/lib/jvm/java-6-openjdk/jre/lib/jsse.jar:/usr/lib/jvm/java-6-openjdk/jre/lib/jce.jar:/usr/lib/jvm/java-6-openjdk/jre/lib/charsets.jar:/usr/lib/jvm/java-6-openjdk/jre/lib/netx.jar:/usr/lib/jvm/java-6-openjdk/jre/lib/plugin.jar:/usr/lib/jvm/java-6-openjdk/jre/lib/rhino.jar:/usr/lib/jvm/java-6-openjdk/jre/lib/modules/jdk.boot.jar:/usr/lib/jvm/java-6-openjdk/jre/classes"/>
    <property name="java.vendor" value="Sun Microsystems Inc."/>
    <property name="localRepository" value="/home/matik06/.m2/repository"/>
    <property name="file.separator" value="/"/>
    <property name="java.vendor.url.bug" value="http://java.sun.com/cgi-bin/bugreport.cgi"/>
    <property name="sun.cpu.endian" value="little"/>
    <property name="sun.io.unicode.encoding" value="UnicodeLittle"/>
    <property name="sun.desktop" value="gnome"/>
    <property name="sun.cpu.isalist" value=""/>
  </properties>
  <testcase time="0.003" classname="com.springinaction.web.hibernatemadeeasy.AppTest" name="testApp"/>
</testsuite>